[1.476s] Invoking command in '/home/wbb/Bipedal_MPC_Python/src/motion/generation': AMENT_PREFIX_PATH=/home/wbb/Bipedal_MPC_Python/install/core:/home/wbb/Bipedal_MPC_Python/install/visualization:/home/wbb/Bipedal_MPC_Python/install/trans:/home/wbb/Bipedal_MPC_Python/install/third_party:/home/wbb/Bipedal_MPC_Python/install/sim:/home/wbb/Bipedal_MPC_Python/install/management:/home/wbb/Bipedal_MPC_Python/install/generation:/home/wbb/Bipedal_MPC_Python/install/gait:/home/wbb/Bipedal_MPC_Python/install/estimation:/home/wbb/Bipedal_MPC_Python/install/control:/home/wbb/Bipedal_MPC_Python/install/assets:/home/wbb/ros2_ws/install/visualization:/home/wbb/ros2_ws/install/trans:/home/wbb/ros2_ws/install/third_party:/home/wbb/ros2_ws/install/sim:/home/wbb/ros2_ws/install/management:/home/wbb/ros2_ws/install/generation:/home/wbb/ros2_ws/install/gait:/home/wbb/ros2_ws/install/estimation:/home/wbb/ros2_ws/install/control:/home/wbb/ros2_ws/install/core:/home/wbb/ros2_ws/install/assets:/opt/ros/humble PYTHONPATH=/home/wbb/Bipedal_MPC_Python/build/generation/prefix_override:/usr/lib/python3/dist-packages/colcon_core/task/python/colcon_distutils_commands:/home/wbb/Bipedal_MPC_Python/install/generation/lib/python3.10/site-packages:/home/wbb/Bipedal_MPC_Python/install/core/lib/python3.10/site-packages:/home/wbb/Bipedal_MPC_Python/install/trans/local/lib/python3.10/dist-packages:/home/wbb/Bipedal_MPC_Python/install/third_party/lib/python3.10/site-packages:/home/wbb/Bipedal_MPC_Python/install/sim/lib/python3.10/site-packages:/home/wbb/Bipedal_MPC_Python/install/management/lib/python3.10/site-packages:/home/wbb/Bipedal_MPC_Python/install/generation/lib/python3.10/site-packages:/home/wbb/Bipedal_MPC_Python/install/gait/lib/python3.10/site-packages:/home/wbb/Bipedal_MPC_Python/install/estimation/lib/python3.10/site-packages:/home/wbb/Bipedal_MPC_Python/install/control/lib/python3.10/site-packages:/home/wbb/Bipedal_MPC_Python/install/assets/lib/python3.10/site-packages:/home/wbb/ros2_ws/install/trans/local/lib/python3.10/dist-packages:/home/wbb/ros2_ws/install/third_party/lib/python3.10/site-packages:/home/wbb/ros2_ws/install/sim/lib/python3.10/site-packages:/home/wbb/ros2_ws/install/management/lib/python3.10/site-packages:/home/wbb/ros2_ws/install/generation/lib/python3.10/site-packages:/home/wbb/ros2_ws/install/gait/lib/python3.10/site-packages:/home/wbb/ros2_ws/install/estimation/lib/python3.10/site-packages:/home/wbb/ros2_ws/install/control/lib/python3.10/site-packages:/home/wbb/ros2_ws/install/core/lib/python3.10/site-packages:/home/wbb/ros2_ws/install/assets/lib/python3.10/site-packages:/opt/ros/humble/lib/python3.10/site-packages:/opt/ros/humble/local/lib/python3.10/dist-packages /usr/bin/python3 -W ignore:setup.py install is deprecated -W ignore:easy_install command is deprecated setup.py egg_info --egg-base ../../../build/generation build --build-base /home/wbb/Bipedal_MPC_Python/build/generation/build install --record /home/wbb/Bipedal_MPC_Python/build/generation/install.log --single-version-externally-managed install_data
[1.630s] running egg_info
[1.631s] writing ../../../build/generation/generation.egg-info/PKG-INFO
[1.631s] writing dependency_links to ../../../build/generation/generation.egg-info/dependency_links.txt
[1.631s] writing entry points to ../../../build/generation/generation.egg-info/entry_points.txt
[1.631s] writing requirements to ../../../build/generation/generation.egg-info/requires.txt
[1.631s] writing top-level names to ../../../build/generation/generation.egg-info/top_level.txt
[1.633s] reading manifest file '../../../build/generation/generation.egg-info/SOURCES.txt'
[1.633s] writing manifest file '../../../build/generation/generation.egg-info/SOURCES.txt'
[1.634s] running build
[1.634s] running build_py
[1.634s] copying generation/convex_mpc.back2.py -> /home/wbb/Bipedal_MPC_Python/build/generation/build/lib/generation
[1.634s] copying generation/convex_mpc.back.py -> /home/wbb/Bipedal_MPC_Python/build/generation/build/lib/generation
[1.634s] copying generation/convex_mpc.back3.py -> /home/wbb/Bipedal_MPC_Python/build/generation/build/lib/generation
[1.634s] copying generation/trajectory_generation.py -> /home/wbb/Bipedal_MPC_Python/build/generation/build/lib/generation
[1.634s] running install
[1.634s] running install_lib
[1.635s] copying /home/wbb/Bipedal_MPC_Python/build/generation/build/lib/generation/convex_mpc.back2.py -> /home/wbb/Bipedal_MPC_Python/install/generation/lib/python3.10/site-packages/generation
[1.635s] copying /home/wbb/Bipedal_MPC_Python/build/generation/build/lib/generation/convex_mpc.back.py -> /home/wbb/Bipedal_MPC_Python/install/generation/lib/python3.10/site-packages/generation
[1.635s] copying /home/wbb/Bipedal_MPC_Python/build/generation/build/lib/generation/convex_mpc.back3.py -> /home/wbb/Bipedal_MPC_Python/install/generation/lib/python3.10/site-packages/generation
[1.635s] copying /home/wbb/Bipedal_MPC_Python/build/generation/build/lib/generation/trajectory_generation.py -> /home/wbb/Bipedal_MPC_Python/install/generation/lib/python3.10/site-packages/generation
[1.635s] byte-compiling /home/wbb/Bipedal_MPC_Python/install/generation/lib/python3.10/site-packages/generation/convex_mpc.back2.py to convex_mpc.back2.cpython-310.pyc
[1.638s] byte-compiling /home/wbb/Bipedal_MPC_Python/install/generation/lib/python3.10/site-packages/generation/convex_mpc.back.py to convex_mpc.back.cpython-310.pyc
[1.640s] byte-compiling /home/wbb/Bipedal_MPC_Python/install/generation/lib/python3.10/site-packages/generation/convex_mpc.back3.py to convex_mpc.back3.cpython-310.pyc
[1.642s] byte-compiling /home/wbb/Bipedal_MPC_Python/install/generation/lib/python3.10/site-packages/generation/trajectory_generation.py to trajectory_generation.cpython-310.pyc
[1.643s] running install_data
[1.643s] running install_egg_info
[1.644s] removing '/home/wbb/Bipedal_MPC_Python/install/generation/lib/python3.10/site-packages/generation-0.0.0-py3.10.egg-info' (and everything under it)
[1.644s] Copying ../../../build/generation/generation.egg-info to /home/wbb/Bipedal_MPC_Python/install/generation/lib/python3.10/site-packages/generation-0.0.0-py3.10.egg-info
[1.645s] running install_scripts
[1.658s] writing list of installed files to '/home/wbb/Bipedal_MPC_Python/build/generation/install.log'
[1.677s] Invoked command in '/home/wbb/Bipedal_MPC_Python/src/motion/generation' returned '0': AMENT_PREFIX_PATH=/home/wbb/Bipedal_MPC_Python/install/core:/home/wbb/Bipedal_MPC_Python/install/visualization:/home/wbb/Bipedal_MPC_Python/install/trans:/home/wbb/Bipedal_MPC_Python/install/third_party:/home/wbb/Bipedal_MPC_Python/install/sim:/home/wbb/Bipedal_MPC_Python/install/management:/home/wbb/Bipedal_MPC_Python/install/generation:/home/wbb/Bipedal_MPC_Python/install/gait:/home/wbb/Bipedal_MPC_Python/install/estimation:/home/wbb/Bipedal_MPC_Python/install/control:/home/wbb/Bipedal_MPC_Python/install/assets:/home/wbb/ros2_ws/install/visualization:/home/wbb/ros2_ws/install/trans:/home/wbb/ros2_ws/install/third_party:/home/wbb/ros2_ws/install/sim:/home/wbb/ros2_ws/install/management:/home/wbb/ros2_ws/install/generation:/home/wbb/ros2_ws/install/gait:/home/wbb/ros2_ws/install/estimation:/home/wbb/ros2_ws/install/control:/home/wbb/ros2_ws/install/core:/home/wbb/ros2_ws/install/assets:/opt/ros/humble PYTHONPATH=/home/wbb/Bipedal_MPC_Python/build/generation/prefix_override:/usr/lib/python3/dist-packages/colcon_core/task/python/colcon_distutils_commands:/home/wbb/Bipedal_MPC_Python/install/generation/lib/python3.10/site-packages:/home/wbb/Bipedal_MPC_Python/install/core/lib/python3.10/site-packages:/home/wbb/Bipedal_MPC_Python/install/trans/local/lib/python3.10/dist-packages:/home/wbb/Bipedal_MPC_Python/install/third_party/lib/python3.10/site-packages:/home/wbb/Bipedal_MPC_Python/install/sim/lib/python3.10/site-packages:/home/wbb/Bipedal_MPC_Python/install/management/lib/python3.10/site-packages:/home/wbb/Bipedal_MPC_Python/install/generation/lib/python3.10/site-packages:/home/wbb/Bipedal_MPC_Python/install/gait/lib/python3.10/site-packages:/home/wbb/Bipedal_MPC_Python/install/estimation/lib/python3.10/site-packages:/home/wbb/Bipedal_MPC_Python/install/control/lib/python3.10/site-packages:/home/wbb/Bipedal_MPC_Python/install/assets/lib/python3.10/site-packages:/home/wbb/ros2_ws/install/trans/local/lib/python3.10/dist-packages:/home/wbb/ros2_ws/install/third_party/lib/python3.10/site-packages:/home/wbb/ros2_ws/install/sim/lib/python3.10/site-packages:/home/wbb/ros2_ws/install/management/lib/python3.10/site-packages:/home/wbb/ros2_ws/install/generation/lib/python3.10/site-packages:/home/wbb/ros2_ws/install/gait/lib/python3.10/site-packages:/home/wbb/ros2_ws/install/estimation/lib/python3.10/site-packages:/home/wbb/ros2_ws/install/control/lib/python3.10/site-packages:/home/wbb/ros2_ws/install/core/lib/python3.10/site-packages:/home/wbb/ros2_ws/install/assets/lib/python3.10/site-packages:/opt/ros/humble/lib/python3.10/site-packages:/opt/ros/humble/local/lib/python3.10/dist-packages /usr/bin/python3 -W ignore:setup.py install is deprecated -W ignore:easy_install command is deprecated setup.py egg_info --egg-base ../../../build/generation build --build-base /home/wbb/Bipedal_MPC_Python/build/generation/build install --record /home/wbb/Bipedal_MPC_Python/build/generation/install.log --single-version-externally-managed install_data
