running egg_info
creating ../../../build/gait/gait.egg-info
writing ../../../build/gait/gait.egg-info/PKG-INFO
writing dependency_links to ../../../build/gait/gait.egg-info/dependency_links.txt
writing entry points to ../../../build/gait/gait.egg-info/entry_points.txt
writing requirements to ../../../build/gait/gait.egg-info/requires.txt
writing top-level names to ../../../build/gait/gait.egg-info/top_level.txt
writing manifest file '../../../build/gait/gait.egg-info/SOURCES.txt'
reading manifest file '../../../build/gait/gait.egg-info/SOURCES.txt'
writing manifest file '../../../build/gait/gait.egg-info/SOURCES.txt'
running build
running build_py
creating /home/wbb/Bipedal_MPC_Python/build/gait/build
creating /home/wbb/Bipedal_MPC_Python/build/gait/build/lib
creating /home/wbb/Bipedal_MPC_Python/build/gait/build/lib/gait
copying gait/gait_schedule.py -> /home/wbb/Bipedal_MPC_Python/build/gait/build/lib/gait
copying gait/__init__.py -> /home/wbb/Bipedal_MPC_Python/build/gait/build/lib/gait
copying gait/cycle_timer.py -> /home/wbb/Bipedal_MPC_Python/build/gait/build/lib/gait
running install
running install_lib
creating /home/wbb/Bipedal_MPC_Python/install/gait/lib/python3.10/site-packages/gait
copying /home/wbb/Bipedal_MPC_Python/build/gait/build/lib/gait/gait_schedule.py -> /home/wbb/Bipedal_MPC_Python/install/gait/lib/python3.10/site-packages/gait
copying /home/wbb/Bipedal_MPC_Python/build/gait/build/lib/gait/__init__.py -> /home/wbb/Bipedal_MPC_Python/install/gait/lib/python3.10/site-packages/gait
copying /home/wbb/Bipedal_MPC_Python/build/gait/build/lib/gait/cycle_timer.py -> /home/wbb/Bipedal_MPC_Python/install/gait/lib/python3.10/site-packages/gait
byte-compiling /home/wbb/Bipedal_MPC_Python/install/gait/lib/python3.10/site-packages/gait/gait_schedule.py to gait_schedule.cpython-310.pyc
byte-compiling /home/wbb/Bipedal_MPC_Python/install/gait/lib/python3.10/site-packages/gait/__init__.py to __init__.cpython-310.pyc
byte-compiling /home/wbb/Bipedal_MPC_Python/install/gait/lib/python3.10/site-packages/gait/cycle_timer.py to cycle_timer.cpython-310.pyc
running install_data
creating /home/wbb/Bipedal_MPC_Python/install/gait/share/ament_index
creating /home/wbb/Bipedal_MPC_Python/install/gait/share/ament_index/resource_index
creating /home/wbb/Bipedal_MPC_Python/install/gait/share/ament_index/resource_index/packages
copying resource/gait -> /home/wbb/Bipedal_MPC_Python/install/gait/share/ament_index/resource_index/packages
copying package.xml -> /home/wbb/Bipedal_MPC_Python/install/gait/share/gait
running install_egg_info
Copying ../../../build/gait/gait.egg-info to /home/wbb/Bipedal_MPC_Python/install/gait/lib/python3.10/site-packages/gait-0.0.0-py3.10.egg-info
running install_scripts
writing list of installed files to '/home/wbb/Bipedal_MPC_Python/build/gait/install.log'
