[1.205s] Invoking command in '/home/wbb/Bipedal_MPC_Python/src/motion/management': AMENT_PREFIX_PATH=/home/wbb/Bipedal_MPC_Python/install/core:${AMENT_PREFIX_PATH} PYTHONPATH=/home/wbb/Bipedal_MPC_Python/build/management/prefix_override:/usr/lib/python3/dist-packages/colcon_core/task/python/colcon_distutils_commands:/home/wbb/Bipedal_MPC_Python/install/management/lib/python3.10/site-packages:/home/wbb/Bipedal_MPC_Python/install/core/lib/python3.10/site-packages:${PYTHONPATH} /usr/bin/python3 -W ignore:setup.py install is deprecated -W ignore:easy_install command is deprecated setup.py egg_info --egg-base ../../../build/management build --build-base /home/wbb/Bipedal_MPC_Python/build/management/build install --record /home/wbb/Bipedal_MPC_Python/build/management/install.log --single-version-externally-managed install_data
[1.358s] running egg_info
[1.358s] creating ../../../build/management/management.egg-info
[1.359s] writing ../../../build/management/management.egg-info/PKG-INFO
[1.359s] writing dependency_links to ../../../build/management/management.egg-info/dependency_links.txt
[1.359s] writing entry points to ../../../build/management/management.egg-info/entry_points.txt
[1.359s] writing requirements to ../../../build/management/management.egg-info/requires.txt
[1.359s] writing top-level names to ../../../build/management/management.egg-info/top_level.txt
[1.360s] writing manifest file '../../../build/management/management.egg-info/SOURCES.txt'
[1.361s] reading manifest file '../../../build/management/management.egg-info/SOURCES.txt'
[1.361s] writing manifest file '../../../build/management/management.egg-info/SOURCES.txt'
[1.361s] running build
[1.361s] running build_py
[1.361s] creating /home/wbb/Bipedal_MPC_Python/build/management/build
[1.361s] creating /home/wbb/Bipedal_MPC_Python/build/management/build/lib
[1.361s] creating /home/wbb/Bipedal_MPC_Python/build/management/build/lib/management
[1.361s] copying management/main.py -> /home/wbb/Bipedal_MPC_Python/build/management/build/lib/management
[1.361s] copying management/joystick.py -> /home/wbb/Bipedal_MPC_Python/build/management/build/lib/management
[1.362s] copying management/test.py -> /home/wbb/Bipedal_MPC_Python/build/management/build/lib/management
[1.362s] copying management/data_visualization.py -> /home/wbb/Bipedal_MPC_Python/build/management/build/lib/management
[1.362s] copying management/initialization.py -> /home/wbb/Bipedal_MPC_Python/build/management/build/lib/management
[1.362s] copying management/motion_manager.py -> /home/wbb/Bipedal_MPC_Python/build/management/build/lib/management
[1.362s] copying management/__init__.py -> /home/wbb/Bipedal_MPC_Python/build/management/build/lib/management
[1.362s] running install
[1.362s] running install_lib
[1.362s] creating /home/wbb/Bipedal_MPC_Python/install/management/lib/python3.10/site-packages/management
[1.362s] copying /home/wbb/Bipedal_MPC_Python/build/management/build/lib/management/main.py -> /home/wbb/Bipedal_MPC_Python/install/management/lib/python3.10/site-packages/management
[1.362s] copying /home/wbb/Bipedal_MPC_Python/build/management/build/lib/management/joystick.py -> /home/wbb/Bipedal_MPC_Python/install/management/lib/python3.10/site-packages/management
[1.362s] copying /home/wbb/Bipedal_MPC_Python/build/management/build/lib/management/test.py -> /home/wbb/Bipedal_MPC_Python/install/management/lib/python3.10/site-packages/management
[1.362s] copying /home/wbb/Bipedal_MPC_Python/build/management/build/lib/management/data_visualization.py -> /home/wbb/Bipedal_MPC_Python/install/management/lib/python3.10/site-packages/management
[1.362s] copying /home/wbb/Bipedal_MPC_Python/build/management/build/lib/management/initialization.py -> /home/wbb/Bipedal_MPC_Python/install/management/lib/python3.10/site-packages/management
[1.363s] copying /home/wbb/Bipedal_MPC_Python/build/management/build/lib/management/motion_manager.py -> /home/wbb/Bipedal_MPC_Python/install/management/lib/python3.10/site-packages/management
[1.363s] copying /home/wbb/Bipedal_MPC_Python/build/management/build/lib/management/__init__.py -> /home/wbb/Bipedal_MPC_Python/install/management/lib/python3.10/site-packages/management
[1.363s] byte-compiling /home/wbb/Bipedal_MPC_Python/install/management/lib/python3.10/site-packages/management/main.py to main.cpython-310.pyc
[1.363s] byte-compiling /home/wbb/Bipedal_MPC_Python/install/management/lib/python3.10/site-packages/management/joystick.py to joystick.cpython-310.pyc
[1.363s] byte-compiling /home/wbb/Bipedal_MPC_Python/install/management/lib/python3.10/site-packages/management/test.py to test.cpython-310.pyc
[1.363s] byte-compiling /home/wbb/Bipedal_MPC_Python/install/management/lib/python3.10/site-packages/management/data_visualization.py to data_visualization.cpython-310.pyc
[1.365s] byte-compiling /home/wbb/Bipedal_MPC_Python/install/management/lib/python3.10/site-packages/management/initialization.py to initialization.cpython-310.pyc
[1.365s] byte-compiling /home/wbb/Bipedal_MPC_Python/install/management/lib/python3.10/site-packages/management/motion_manager.py to motion_manager.cpython-310.pyc
[1.366s] byte-compiling /home/wbb/Bipedal_MPC_Python/install/management/lib/python3.10/site-packages/management/__init__.py to __init__.cpython-310.pyc
[1.366s] running install_data
[1.366s] creating /home/wbb/Bipedal_MPC_Python/install/management/share/management/launch
[1.366s] copying launch/management.launch.py -> /home/wbb/Bipedal_MPC_Python/install/management/share/management/launch
[1.366s] copying package.xml -> /home/wbb/Bipedal_MPC_Python/install/management/share/management
[1.366s] running install_egg_info
[1.367s] Copying ../../../build/management/management.egg-info to /home/wbb/Bipedal_MPC_Python/install/management/lib/python3.10/site-packages/management-0.0.0-py3.10.egg-info
[1.367s] running install_scripts
[1.380s] Installing joystick script to /home/wbb/Bipedal_MPC_Python/install/management/lib/management
[1.380s] Installing main script to /home/wbb/Bipedal_MPC_Python/install/management/lib/management
[1.380s] writing list of installed files to '/home/wbb/Bipedal_MPC_Python/build/management/install.log'
[1.398s] Invoked command in '/home/wbb/Bipedal_MPC_Python/src/motion/management' returned '0': AMENT_PREFIX_PATH=/home/wbb/Bipedal_MPC_Python/install/core:${AMENT_PREFIX_PATH} PYTHONPATH=/home/wbb/Bipedal_MPC_Python/build/management/prefix_override:/usr/lib/python3/dist-packages/colcon_core/task/python/colcon_distutils_commands:/home/wbb/Bipedal_MPC_Python/install/management/lib/python3.10/site-packages:/home/wbb/Bipedal_MPC_Python/install/core/lib/python3.10/site-packages:${PYTHONPATH} /usr/bin/python3 -W ignore:setup.py install is deprecated -W ignore:easy_install command is deprecated setup.py egg_info --egg-base ../../../build/management build --build-base /home/wbb/Bipedal_MPC_Python/build/management/build install --record /home/wbb/Bipedal_MPC_Python/build/management/install.log --single-version-externally-managed install_data
