[0.893s] Invoking command in '/home/wbb/Bipedal_MPC_Python/src/core': PYTHONPATH=/home/wbb/Bipedal_MPC_Python/build/core/prefix_override:/usr/lib/python3/dist-packages/colcon_core/task/python/colcon_distutils_commands:/home/wbb/Bipedal_MPC_Python/install/core/lib/python3.10/site-packages:${PYTHONPATH} /usr/bin/python3 -W ignore:setup.py install is deprecated -W ignore:easy_install command is deprecated setup.py egg_info --egg-base ../../build/core build --build-base /home/wbb/Bipedal_MPC_Python/build/core/build install --record /home/wbb/Bipedal_MPC_Python/build/core/install.log --single-version-externally-managed install_data
[1.044s] running egg_info
[1.044s] writing ../../build/core/core.egg-info/PKG-INFO
[1.044s] writing dependency_links to ../../build/core/core.egg-info/dependency_links.txt
[1.044s] writing entry points to ../../build/core/core.egg-info/entry_points.txt
[1.045s] writing requirements to ../../build/core/core.egg-info/requires.txt
[1.045s] writing top-level names to ../../build/core/core.egg-info/top_level.txt
[1.047s] reading manifest file '../../build/core/core.egg-info/SOURCES.txt'
[1.047s] writing manifest file '../../build/core/core.egg-info/SOURCES.txt'
[1.048s] running build
[1.048s] running build_py
[1.048s] running install
[1.048s] running install_lib
[1.049s] running install_data
[1.050s] running install_egg_info
[1.051s] removing '/home/wbb/Bipedal_MPC_Python/install/core/lib/python3.10/site-packages/core-0.0.0-py3.10.egg-info' (and everything under it)
[1.051s] Copying ../../build/core/core.egg-info to /home/wbb/Bipedal_MPC_Python/install/core/lib/python3.10/site-packages/core-0.0.0-py3.10.egg-info
[1.051s] running install_scripts
[1.064s] writing list of installed files to '/home/wbb/Bipedal_MPC_Python/build/core/install.log'
[1.080s] Invoked command in '/home/wbb/Bipedal_MPC_Python/src/core' returned '0': PYTHONPATH=/home/wbb/Bipedal_MPC_Python/build/core/prefix_override:/usr/lib/python3/dist-packages/colcon_core/task/python/colcon_distutils_commands:/home/wbb/Bipedal_MPC_Python/install/core/lib/python3.10/site-packages:${PYTHONPATH} /usr/bin/python3 -W ignore:setup.py install is deprecated -W ignore:easy_install command is deprecated setup.py egg_info --egg-base ../../build/core build --build-base /home/wbb/Bipedal_MPC_Python/build/core/build install --record /home/wbb/Bipedal_MPC_Python/build/core/install.log --single-version-externally-managed install_data
